2021-03-20 21:57:21.145  INFO 8236 --- [main] io.hari.demo.DemoApplication             : Starting DemoApplication using Java 1.8.0_281 on MSI with PID 8236 (C:\Users\Hariom Yadav\Desktop\truecaller\truecaller-lld\target\classes started by Hariom Yadav in C:\Users\Hariom Yadav\Desktop\truecaller\truecaller-lld)
2021-03-20 21:57:21.156  INFO 8236 --- [main] io.hari.demo.DemoApplication             : The following profiles are active: dev
2021-03-20 21:57:22.061  INFO 8236 --- [main] .s.d.r.c.RepositoryConfigurationDelegate : Bootstrapping Spring Data JPA repositories in DEFAULT mode.
2021-03-20 21:57:22.147  INFO 8236 --- [main] .s.d.r.c.RepositoryConfigurationDelegate : Finished Spring Data repository scanning in 73 ms. Found 3 JPA repository interfaces.
2021-03-20 21:57:23.065  INFO 8236 --- [main] o.s.b.w.embedded.tomcat.TomcatWebServer  : Tomcat initialized with port(s): 8080 (http)
2021-03-20 21:57:23.080  INFO 8236 --- [main] o.apache.catalina.core.StandardService   : Starting service [Tomcat]
2021-03-20 21:57:23.080  INFO 8236 --- [main] org.apache.catalina.core.StandardEngine  : Starting Servlet engine: [Apache Tomcat/9.0.43]
2021-03-20 21:57:23.180  INFO 8236 --- [main] o.a.c.c.C.[Tomcat].[localhost].[/]       : Initializing Spring embedded WebApplicationContext
2021-03-20 21:57:23.181  INFO 8236 --- [main] w.s.c.ServletWebServerApplicationContext : Root WebApplicationContext: initialization completed in 1907 ms
2021-03-20 21:57:23.252  INFO 8236 --- [main] com.zaxxer.hikari.HikariDataSource       : HikariPool-1 - Starting...
2021-03-20 21:57:23.513  INFO 8236 --- [main] com.zaxxer.hikari.HikariDataSource       : HikariPool-1 - Start completed.
2021-03-20 21:57:23.520  INFO 8236 --- [main] o.s.b.a.h2.H2ConsoleAutoConfiguration    : H2 console available at '/h2-console'. Database available at 'jdbc:h2:mem:h2db'
2021-03-20 21:57:23.720  INFO 8236 --- [main] o.hibernate.jpa.internal.util.LogHelper  : HHH000204: Processing PersistenceUnitInfo [name: default]
2021-03-20 21:57:23.816  INFO 8236 --- [main] org.hibernate.Version                    : HHH000412: Hibernate ORM core version 5.4.28.Final
2021-03-20 21:57:24.016  INFO 8236 --- [main] o.hibernate.annotations.common.Version   : HCANN000001: Hibernate Commons Annotations {5.1.2.Final}
2021-03-20 21:57:24.171  INFO 8236 --- [main] org.hibernate.dialect.Dialect            : HHH000400: Using dialect: org.hibernate.dialect.H2Dialect
2021-03-20 21:57:24.385  WARN 8236 --- [main] o.h.t.d.java.JavaTypeDescriptorRegistry  : HHH000481: Encountered Java type [class io.hari.demo.entity.PhoneNumberView] for which we could not locate a JavaTypeDescriptor and which does not appear to implement equals and/or hashCode.  This can lead to significant performance problems when performing equality/dirty checking involving this Java type.  Consider registering a custom JavaTypeDescriptor or at least implementing equals/hashCode.
2021-03-20 21:57:25.064  INFO 8236 --- [main] o.h.e.t.j.p.i.JtaPlatformInitiator       : HHH000490: Using JtaPlatform implementation: [org.hibernate.engine.transaction.jta.platform.internal.NoJtaPlatform]
2021-03-20 21:57:25.077  INFO 8236 --- [main] j.LocalContainerEntityManagerFactoryBean : Initialized JPA EntityManagerFactory for persistence unit 'default'
2021-03-20 21:57:25.780  WARN 8236 --- [main] JpaBaseConfiguration$JpaWebConfiguration : spring.jpa.open-in-view is enabled by default. Therefore, database queries may be performed during view rendering. Explicitly configure spring.jpa.open-in-view to disable this warning
2021-03-20 21:57:26.323  INFO 8236 --- [main] o.s.s.concurrent.ThreadPoolTaskExecutor  : Initializing ExecutorService 'applicationTaskExecutor'
2021-03-20 21:57:26.843  INFO 8236 --- [main] org.quartz.impl.StdSchedulerFactory      : Using default implementation for ThreadExecutor
2021-03-20 21:57:26.860  INFO 8236 --- [main] org.quartz.core.SchedulerSignalerImpl    : Initialized Scheduler Signaller of type: class org.quartz.core.SchedulerSignalerImpl
2021-03-20 21:57:26.861  INFO 8236 --- [main] org.quartz.core.QuartzScheduler          : Quartz Scheduler v.2.3.2 created.
2021-03-20 21:57:26.861  INFO 8236 --- [main] org.quartz.simpl.RAMJobStore             : RAMJobStore initialized.
2021-03-20 21:57:26.862  INFO 8236 --- [main] org.quartz.core.QuartzScheduler          : Scheduler meta-data: Quartz Scheduler (v2.3.2) 'quartzScheduler' with instanceId 'NON_CLUSTERED'
  Scheduler class: 'org.quartz.core.QuartzScheduler' - running locally.
  NOT STARTED.
  Currently in standby mode.
  Number of jobs executed: 0
  Using thread pool 'org.quartz.simpl.SimpleThreadPool' - with 10 threads.
  Using job-store 'org.quartz.simpl.RAMJobStore' - which does not support persistence. and is not clustered.

2021-03-20 21:57:26.863  INFO 8236 --- [main] org.quartz.impl.StdSchedulerFactory      : Quartz scheduler 'quartzScheduler' initialized from an externally provided properties instance.
2021-03-20 21:57:26.863  INFO 8236 --- [main] org.quartz.impl.StdSchedulerFactory      : Quartz scheduler version: 2.3.2
2021-03-20 21:57:26.863  INFO 8236 --- [main] org.quartz.core.QuartzScheduler          : JobFactory set to: org.springframework.scheduling.quartz.SpringBeanJobFactory@45b27ad3
2021-03-20 21:57:26.923  INFO 8236 --- [main] o.s.b.w.embedded.tomcat.TomcatWebServer  : Tomcat started on port(s): 8080 (http) with context path ''
2021-03-20 21:57:26.923  INFO 8236 --- [main] o.s.s.quartz.SchedulerFactoryBean        : Starting Quartz Scheduler now
2021-03-20 21:57:26.924  INFO 8236 --- [main] org.quartz.core.QuartzScheduler          : Scheduler quartzScheduler_$_NON_CLUSTERED started.
2021-03-20 21:57:26.934  INFO 8236 --- [main] io.hari.demo.DemoApplication             : Started DemoApplication in 6.41 seconds (JVM running for 6.95)
2021-03-20 21:57:27.131  INFO 8236 --- [main] io.hari.demo.service.UserService         : contact 5600371234 saved to global directory
2021-03-20 21:57:27.134  INFO 8236 --- [ForkJoinPool.commonPool-worker-1] io.hari.demo.service.UserService         : contact 1234567890 saved to global directory
2021-03-20 21:57:27.137  INFO 8236 --- [ForkJoinPool.commonPool-worker-2] io.hari.demo.service.UserService         : contact 9887700499 saved to global directory
2021-03-20 21:57:27.138  INFO 8236 --- [main] io.hari.demo.service.UserService         : searching local contact directory by name neha
2021-03-20 21:57:27.139  INFO 8236 --- [main] io.hari.demo.service.UserService         : searching local contact directory by name chandan
2021-03-20 21:57:27.140  INFO 8236 --- [main] io.hari.demo.service.UserService         : searching local contact directory by name abc
2021-03-20 21:57:27.141  INFO 8236 --- [main] io.hari.demo.service.UserService         : searching local contact directory by number 9887700499
2021-03-20 21:57:27.141  INFO 8236 --- [main] io.hari.demo.service.UserService         : searching local contact directory by number 1234567890
2021-03-20 21:57:27.142  INFO 8236 --- [main] io.hari.demo.service.UserService         : searching local contact directory by number 5600371234
2021-03-20 21:57:27.142  INFO 8236 --- [main] io.hari.demo.service.UserService         : searching local contact directory by number 123
2021-03-20 21:57:27.355  INFO 8236 --- [main] io.hari.demo.service.ContactService      : User hariom htc reported contact number 9887700499 as spam 
2021-03-20 21:57:27.361  INFO 8236 --- [main] io.hari.demo.service.ContactService      : User hariom htc reported contact number 495452 as spam 
2021-03-20 21:57:27.404  INFO 8236 --- [main] io.hari.demo.service.ContactService      : User hariom htc reported contact number 495452 as spam 
2021-03-20 21:57:27.408  INFO 8236 --- [main] io.hari.demo.service.ContactService      : User hariom htc reported contact number 495452 as spam 
2021-03-20 21:57:27.412  INFO 8236 --- [main] io.hari.demo.service.ContactService      : User hariom htc reported contact number 495452 as spam 
2021-03-20 21:58:22.812  INFO 2472 --- [main] io.hari.demo.DemoApplication             : Starting DemoApplication using Java 1.8.0_281 on MSI with PID 2472 (C:\Users\Hariom Yadav\Desktop\truecaller\truecaller-lld\target\classes started by Hariom Yadav in C:\Users\Hariom Yadav\Desktop\truecaller\truecaller-lld)
2021-03-20 21:58:22.814  INFO 2472 --- [main] io.hari.demo.DemoApplication             : The following profiles are active: dev
2021-03-20 21:58:23.850  INFO 2472 --- [main] .s.d.r.c.RepositoryConfigurationDelegate : Bootstrapping Spring Data JPA repositories in DEFAULT mode.
2021-03-20 21:58:23.946  INFO 2472 --- [main] .s.d.r.c.RepositoryConfigurationDelegate : Finished Spring Data repository scanning in 84 ms. Found 3 JPA repository interfaces.
2021-03-20 21:58:24.738  INFO 2472 --- [main] o.s.b.w.embedded.tomcat.TomcatWebServer  : Tomcat initialized with port(s): 8080 (http)
2021-03-20 21:58:24.748  INFO 2472 --- [main] o.apache.catalina.core.StandardService   : Starting service [Tomcat]
2021-03-20 21:58:24.749  INFO 2472 --- [main] org.apache.catalina.core.StandardEngine  : Starting Servlet engine: [Apache Tomcat/9.0.43]
2021-03-20 21:58:24.832  INFO 2472 --- [main] o.a.c.c.C.[Tomcat].[localhost].[/]       : Initializing Spring embedded WebApplicationContext
2021-03-20 21:58:24.832  INFO 2472 --- [main] w.s.c.ServletWebServerApplicationContext : Root WebApplicationContext: initialization completed in 1960 ms
2021-03-20 21:58:24.892  INFO 2472 --- [main] com.zaxxer.hikari.HikariDataSource       : HikariPool-1 - Starting...
2021-03-20 21:58:25.109  INFO 2472 --- [main] com.zaxxer.hikari.HikariDataSource       : HikariPool-1 - Start completed.
2021-03-20 21:58:25.115  INFO 2472 --- [main] o.s.b.a.h2.H2ConsoleAutoConfiguration    : H2 console available at '/h2-console'. Database available at 'jdbc:h2:mem:h2db'
2021-03-20 21:58:25.287  INFO 2472 --- [main] o.hibernate.jpa.internal.util.LogHelper  : HHH000204: Processing PersistenceUnitInfo [name: default]
2021-03-20 21:58:25.342  INFO 2472 --- [main] org.hibernate.Version                    : HHH000412: Hibernate ORM core version 5.4.28.Final
2021-03-20 21:58:25.491  INFO 2472 --- [main] o.hibernate.annotations.common.Version   : HCANN000001: Hibernate Commons Annotations {5.1.2.Final}
2021-03-20 21:58:25.631  INFO 2472 --- [main] org.hibernate.dialect.Dialect            : HHH000400: Using dialect: org.hibernate.dialect.H2Dialect
2021-03-20 21:58:25.821  WARN 2472 --- [main] o.h.t.d.java.JavaTypeDescriptorRegistry  : HHH000481: Encountered Java type [class io.hari.demo.entity.PhoneNumberView] for which we could not locate a JavaTypeDescriptor and which does not appear to implement equals and/or hashCode.  This can lead to significant performance problems when performing equality/dirty checking involving this Java type.  Consider registering a custom JavaTypeDescriptor or at least implementing equals/hashCode.
2021-03-20 21:58:26.272  INFO 2472 --- [main] o.h.e.t.j.p.i.JtaPlatformInitiator       : HHH000490: Using JtaPlatform implementation: [org.hibernate.engine.transaction.jta.platform.internal.NoJtaPlatform]
2021-03-20 21:58:26.279  INFO 2472 --- [main] j.LocalContainerEntityManagerFactoryBean : Initialized JPA EntityManagerFactory for persistence unit 'default'
2021-03-20 21:58:26.863  WARN 2472 --- [main] JpaBaseConfiguration$JpaWebConfiguration : spring.jpa.open-in-view is enabled by default. Therefore, database queries may be performed during view rendering. Explicitly configure spring.jpa.open-in-view to disable this warning
2021-03-20 21:58:27.410  INFO 2472 --- [main] o.s.s.concurrent.ThreadPoolTaskExecutor  : Initializing ExecutorService 'applicationTaskExecutor'
2021-03-20 21:58:27.919  INFO 2472 --- [main] org.quartz.impl.StdSchedulerFactory      : Using default implementation for ThreadExecutor
2021-03-20 21:58:27.934  INFO 2472 --- [main] org.quartz.core.SchedulerSignalerImpl    : Initialized Scheduler Signaller of type: class org.quartz.core.SchedulerSignalerImpl
2021-03-20 21:58:27.935  INFO 2472 --- [main] org.quartz.core.QuartzScheduler          : Quartz Scheduler v.2.3.2 created.
2021-03-20 21:58:27.935  INFO 2472 --- [main] org.quartz.simpl.RAMJobStore             : RAMJobStore initialized.
2021-03-20 21:58:27.936  INFO 2472 --- [main] org.quartz.core.QuartzScheduler          : Scheduler meta-data: Quartz Scheduler (v2.3.2) 'quartzScheduler' with instanceId 'NON_CLUSTERED'
  Scheduler class: 'org.quartz.core.QuartzScheduler' - running locally.
  NOT STARTED.
  Currently in standby mode.
  Number of jobs executed: 0
  Using thread pool 'org.quartz.simpl.SimpleThreadPool' - with 10 threads.
  Using job-store 'org.quartz.simpl.RAMJobStore' - which does not support persistence. and is not clustered.

2021-03-20 21:58:27.936  INFO 2472 --- [main] org.quartz.impl.StdSchedulerFactory      : Quartz scheduler 'quartzScheduler' initialized from an externally provided properties instance.
2021-03-20 21:58:27.936  INFO 2472 --- [main] org.quartz.impl.StdSchedulerFactory      : Quartz scheduler version: 2.3.2
2021-03-20 21:58:27.937  INFO 2472 --- [main] org.quartz.core.QuartzScheduler          : JobFactory set to: org.springframework.scheduling.quartz.SpringBeanJobFactory@24de63b
2021-03-20 21:58:27.984  INFO 2472 --- [main] o.s.b.w.embedded.tomcat.TomcatWebServer  : Tomcat started on port(s): 8080 (http) with context path ''
2021-03-20 21:58:27.985  INFO 2472 --- [main] o.s.s.quartz.SchedulerFactoryBean        : Starting Quartz Scheduler now
2021-03-20 21:58:27.985  INFO 2472 --- [main] org.quartz.core.QuartzScheduler          : Scheduler quartzScheduler_$_NON_CLUSTERED started.
2021-03-20 21:58:27.993  INFO 2472 --- [main] io.hari.demo.DemoApplication             : Started DemoApplication in 5.654 seconds (JVM running for 6.078)
2021-03-20 21:58:28.152  INFO 2472 --- [main] io.hari.demo.service.UserService         : contact 5600371234 saved to global directory
2021-03-20 21:58:28.154  INFO 2472 --- [ForkJoinPool.commonPool-worker-2] io.hari.demo.service.UserService         : contact 9887700499 saved to global directory
2021-03-20 21:58:28.155  INFO 2472 --- [ForkJoinPool.commonPool-worker-1] io.hari.demo.service.UserService         : contact 1234567890 saved to global directory
2021-03-20 21:58:28.156  INFO 2472 --- [main] io.hari.demo.service.UserService         : searching local contact directory by name neha
2021-03-20 21:58:28.158  INFO 2472 --- [main] io.hari.demo.service.UserService         : searching local contact directory by name chandan
2021-03-20 21:58:28.159  INFO 2472 --- [main] io.hari.demo.service.UserService         : searching local contact directory by name abc
2021-03-20 21:58:28.159  INFO 2472 --- [main] io.hari.demo.service.UserService         : searching local contact directory by number 9887700499
2021-03-20 21:58:28.159  INFO 2472 --- [main] io.hari.demo.service.UserService         : searching local contact directory by number 1234567890
2021-03-20 21:58:28.160  INFO 2472 --- [main] io.hari.demo.service.UserService         : searching local contact directory by number 5600371234
2021-03-20 21:58:28.160  INFO 2472 --- [main] io.hari.demo.service.UserService         : searching local contact directory by number 123
2021-03-20 21:58:28.438  INFO 2472 --- [main] io.hari.demo.service.ContactService      : User hariom htc reported contact number 9887700499 as spam 
2021-03-20 21:58:28.447  INFO 2472 --- [main] io.hari.demo.service.ContactService      : User hariom htc reported contact number 495452 as spam 
2021-03-20 21:58:28.497  INFO 2472 --- [main] io.hari.demo.service.ContactService      : User hariom htc reported contact number 495452 as spam 
2021-03-20 21:58:28.500  INFO 2472 --- [main] io.hari.demo.service.ContactService      : User hariom htc reported contact number 495452 as spam 
2021-03-20 21:58:28.504  INFO 2472 --- [main] io.hari.demo.service.ContactService      : User hariom htc reported contact number 495452 as spam 
2021-03-20 21:58:50.111  INFO 13820 --- [main] io.hari.demo.DemoApplication             : Starting DemoApplication using Java 1.8.0_281 on MSI with PID 13820 (C:\Users\Hariom Yadav\Desktop\truecaller\truecaller-lld\target\classes started by Hariom Yadav in C:\Users\Hariom Yadav\Desktop\truecaller\truecaller-lld)
2021-03-20 21:58:50.114  INFO 13820 --- [main] io.hari.demo.DemoApplication             : The following profiles are active: dev
2021-03-20 21:58:51.203  INFO 13820 --- [main] .s.d.r.c.RepositoryConfigurationDelegate : Bootstrapping Spring Data JPA repositories in DEFAULT mode.
2021-03-20 21:58:51.285  INFO 13820 --- [main] .s.d.r.c.RepositoryConfigurationDelegate : Finished Spring Data repository scanning in 70 ms. Found 3 JPA repository interfaces.
2021-03-20 21:58:52.073  INFO 13820 --- [main] o.s.b.w.embedded.tomcat.TomcatWebServer  : Tomcat initialized with port(s): 8080 (http)
2021-03-20 21:58:52.082  INFO 13820 --- [main] o.apache.catalina.core.StandardService   : Starting service [Tomcat]
2021-03-20 21:58:52.083  INFO 13820 --- [main] org.apache.catalina.core.StandardEngine  : Starting Servlet engine: [Apache Tomcat/9.0.43]
2021-03-20 21:58:52.217  INFO 13820 --- [main] o.a.c.c.C.[Tomcat].[localhost].[/]       : Initializing Spring embedded WebApplicationContext
2021-03-20 21:58:52.217  INFO 13820 --- [main] w.s.c.ServletWebServerApplicationContext : Root WebApplicationContext: initialization completed in 2040 ms
2021-03-20 21:58:52.283  INFO 13820 --- [main] com.zaxxer.hikari.HikariDataSource       : HikariPool-1 - Starting...
2021-03-20 21:58:52.468  INFO 13820 --- [main] com.zaxxer.hikari.HikariDataSource       : HikariPool-1 - Start completed.
2021-03-20 21:58:52.474  INFO 13820 --- [main] o.s.b.a.h2.H2ConsoleAutoConfiguration    : H2 console available at '/h2-console'. Database available at 'jdbc:h2:mem:h2db'
2021-03-20 21:58:52.686  INFO 13820 --- [main] o.hibernate.jpa.internal.util.LogHelper  : HHH000204: Processing PersistenceUnitInfo [name: default]
2021-03-20 21:58:52.732  INFO 13820 --- [main] org.hibernate.Version                    : HHH000412: Hibernate ORM core version 5.4.28.Final
2021-03-20 21:58:52.849  INFO 13820 --- [main] o.hibernate.annotations.common.Version   : HCANN000001: Hibernate Commons Annotations {5.1.2.Final}
2021-03-20 21:58:52.965  INFO 13820 --- [main] org.hibernate.dialect.Dialect            : HHH000400: Using dialect: org.hibernate.dialect.H2Dialect
2021-03-20 21:58:53.163  WARN 13820 --- [main] o.h.t.d.java.JavaTypeDescriptorRegistry  : HHH000481: Encountered Java type [class io.hari.demo.entity.PhoneNumberView] for which we could not locate a JavaTypeDescriptor and which does not appear to implement equals and/or hashCode.  This can lead to significant performance problems when performing equality/dirty checking involving this Java type.  Consider registering a custom JavaTypeDescriptor or at least implementing equals/hashCode.
2021-03-20 21:58:53.680  INFO 13820 --- [main] o.h.e.t.j.p.i.JtaPlatformInitiator       : HHH000490: Using JtaPlatform implementation: [org.hibernate.engine.transaction.jta.platform.internal.NoJtaPlatform]
2021-03-20 21:58:53.687  INFO 13820 --- [main] j.LocalContainerEntityManagerFactoryBean : Initialized JPA EntityManagerFactory for persistence unit 'default'
2021-03-20 21:58:54.358  WARN 13820 --- [main] JpaBaseConfiguration$JpaWebConfiguration : spring.jpa.open-in-view is enabled by default. Therefore, database queries may be performed during view rendering. Explicitly configure spring.jpa.open-in-view to disable this warning
2021-03-20 21:58:54.751  INFO 13820 --- [main] o.s.s.concurrent.ThreadPoolTaskExecutor  : Initializing ExecutorService 'applicationTaskExecutor'
2021-03-20 21:58:55.221  INFO 13820 --- [main] org.quartz.impl.StdSchedulerFactory      : Using default implementation for ThreadExecutor
2021-03-20 21:58:55.234  INFO 13820 --- [main] org.quartz.core.SchedulerSignalerImpl    : Initialized Scheduler Signaller of type: class org.quartz.core.SchedulerSignalerImpl
2021-03-20 21:58:55.234  INFO 13820 --- [main] org.quartz.core.QuartzScheduler          : Quartz Scheduler v.2.3.2 created.
2021-03-20 21:58:55.235  INFO 13820 --- [main] org.quartz.simpl.RAMJobStore             : RAMJobStore initialized.
2021-03-20 21:58:55.235  INFO 13820 --- [main] org.quartz.core.QuartzScheduler          : Scheduler meta-data: Quartz Scheduler (v2.3.2) 'quartzScheduler' with instanceId 'NON_CLUSTERED'
  Scheduler class: 'org.quartz.core.QuartzScheduler' - running locally.
  NOT STARTED.
  Currently in standby mode.
  Number of jobs executed: 0
  Using thread pool 'org.quartz.simpl.SimpleThreadPool' - with 10 threads.
  Using job-store 'org.quartz.simpl.RAMJobStore' - which does not support persistence. and is not clustered.

2021-03-20 21:58:55.236  INFO 13820 --- [main] org.quartz.impl.StdSchedulerFactory      : Quartz scheduler 'quartzScheduler' initialized from an externally provided properties instance.
2021-03-20 21:58:55.236  INFO 13820 --- [main] org.quartz.impl.StdSchedulerFactory      : Quartz scheduler version: 2.3.2
2021-03-20 21:58:55.236  INFO 13820 --- [main] org.quartz.core.QuartzScheduler          : JobFactory set to: org.springframework.scheduling.quartz.SpringBeanJobFactory@24de63b
2021-03-20 21:58:55.282  INFO 13820 --- [main] o.s.b.w.embedded.tomcat.TomcatWebServer  : Tomcat started on port(s): 8080 (http) with context path ''
2021-03-20 21:58:55.282  INFO 13820 --- [main] o.s.s.quartz.SchedulerFactoryBean        : Starting Quartz Scheduler now
2021-03-20 21:58:55.283  INFO 13820 --- [main] org.quartz.core.QuartzScheduler          : Scheduler quartzScheduler_$_NON_CLUSTERED started.
2021-03-20 21:58:55.289  INFO 13820 --- [main] io.hari.demo.DemoApplication             : Started DemoApplication in 5.773 seconds (JVM running for 6.345)
2021-03-20 21:58:55.415  INFO 13820 --- [main] io.hari.demo.service.UserService         : contact 5600371234 saved to global directory
2021-03-20 21:58:55.416  INFO 13820 --- [ForkJoinPool.commonPool-worker-2] io.hari.demo.service.UserService         : contact 9887700499 saved to global directory
2021-03-20 21:58:55.416  INFO 13820 --- [ForkJoinPool.commonPool-worker-1] io.hari.demo.service.UserService         : contact 1234567890 saved to global directory
2021-03-20 21:58:55.416  INFO 13820 --- [main] io.hari.demo.service.UserService         : searching local contact directory by name neha
2021-03-20 21:58:55.417  INFO 13820 --- [main] io.hari.demo.service.UserService         : searching local contact directory by name chandan
2021-03-20 21:58:55.417  INFO 13820 --- [main] io.hari.demo.service.UserService         : searching local contact directory by name abc
2021-03-20 21:58:55.417  INFO 13820 --- [main] io.hari.demo.service.UserService         : searching local contact directory by number 9887700499
2021-03-20 21:58:55.418  INFO 13820 --- [main] io.hari.demo.service.UserService         : searching local contact directory by number 1234567890
2021-03-20 21:58:55.418  INFO 13820 --- [main] io.hari.demo.service.UserService         : searching local contact directory by number 5600371234
2021-03-20 21:58:55.418  INFO 13820 --- [main] io.hari.demo.service.UserService         : searching local contact directory by number 123
2021-03-20 21:58:55.669  INFO 13820 --- [main] io.hari.demo.service.ContactService      : User hariom htc reported contact number 9887700499 as spam 
2021-03-20 21:58:55.675  INFO 13820 --- [main] io.hari.demo.service.ContactService      : User hariom htc reported contact number 495452 as spam 
2021-03-20 21:58:55.705  INFO 13820 --- [main] io.hari.demo.service.ContactService      : User hariom htc reported contact number 495452 as spam 
2021-03-20 21:58:55.708  INFO 13820 --- [main] io.hari.demo.service.ContactService      : User hariom htc reported contact number 495452 as spam 
2021-03-20 21:58:55.711  INFO 13820 --- [main] io.hari.demo.service.ContactService      : User hariom htc reported contact number 495452 as spam 
